C:\USERS\100490143\DOCUMENTS\VISUAL STUDIO 2010\PROJECTS\BANKINGSYSTEM\BANKINGSYSTEM\DEBUG\ACCOUNTHELPER.OBJ
C:\USERS\100490143\DOCUMENTS\VISUAL STUDIO 2010\PROJECTS\BANKINGSYSTEM\BANKINGSYSTEM\DEBUG\BANKINGSYSTEM.EXE.EMBED.MANIFEST
C:\USERS\100490143\DOCUMENTS\VISUAL STUDIO 2010\PROJECTS\BANKINGSYSTEM\BANKINGSYSTEM\DEBUG\BANKINGSYSTEM.EXE.EMBED.MANIFEST.RES
c:\Users\100490143\documents\visual studio 2010\Projects\BankingSystem\BankingSystem\Debug\BankingSystem.exe.intermediate.manifest
C:\USERS\100490143\DOCUMENTS\VISUAL STUDIO 2010\PROJECTS\BANKINGSYSTEM\BANKINGSYSTEM\DEBUG\BANKINGSYSTEM.OBJ
C:\USERS\100490143\DOCUMENTS\VISUAL STUDIO 2010\PROJECTS\BANKINGSYSTEM\BANKINGSYSTEM\DEBUG\BANKINGSYSTEM.PCH
c:\Users\100490143\documents\visual studio 2010\Projects\BankingSystem\BankingSystem\Debug\BankingSystem.vcxprojResolveAssemblyReference.cache
c:\Users\100490143\documents\visual studio 2010\Projects\BankingSystem\BankingSystem\Debug\BankingSystem.write.1.tlog
c:\Users\100490143\documents\visual studio 2010\Projects\BankingSystem\BankingSystem\Debug\BankingSystem_manifest.rc
c:\Users\100490143\documents\visual studio 2010\Projects\BankingSystem\BankingSystem\Debug\cl.command.1.tlog
c:\Users\100490143\documents\visual studio 2010\Projects\BankingSystem\BankingSystem\Debug\CL.read.1.tlog
c:\Users\100490143\documents\visual studio 2010\Projects\BankingSystem\BankingSystem\Debug\CL.write.1.tlog
C:\USERS\100490143\DOCUMENTS\VISUAL STUDIO 2010\PROJECTS\BANKINGSYSTEM\BANKINGSYSTEM\DEBUG\FILESTREAMHELPER.OBJ
c:\Users\100490143\documents\visual studio 2010\Projects\BankingSystem\BankingSystem\Debug\link.10076.read.1.tlog
c:\Users\100490143\documents\visual studio 2010\Projects\BankingSystem\BankingSystem\Debug\link.10076.write.1.tlog
c:\Users\100490143\documents\visual studio 2010\Projects\BankingSystem\BankingSystem\Debug\link.10076-cvtres.read.1.tlog
c:\Users\100490143\documents\visual studio 2010\Projects\BankingSystem\BankingSystem\Debug\link.10076-cvtres.write.1.tlog
c:\Users\100490143\documents\visual studio 2010\Projects\BankingSystem\BankingSystem\Debug\link.11692.read.1.tlog
c:\Users\100490143\documents\visual studio 2010\Projects\BankingSystem\BankingSystem\Debug\link.11692.write.1.tlog
c:\Users\100490143\documents\visual studio 2010\Projects\BankingSystem\BankingSystem\Debug\link.11692-cvtres.read.1.tlog
c:\Users\100490143\documents\visual studio 2010\Projects\BankingSystem\BankingSystem\Debug\link.11692-cvtres.write.1.tlog
c:\Users\100490143\documents\visual studio 2010\Projects\BankingSystem\BankingSystem\Debug\link.1328.read.1.tlog
c:\Users\100490143\documents\visual studio 2010\Projects\BankingSystem\BankingSystem\Debug\link.1328.write.1.tlog
c:\Users\100490143\documents\visual studio 2010\Projects\BankingSystem\BankingSystem\Debug\link.1328-cvtres.read.1.tlog
c:\Users\100490143\documents\visual studio 2010\Projects\BankingSystem\BankingSystem\Debug\link.1328-cvtres.write.1.tlog
c:\Users\100490143\documents\visual studio 2010\Projects\BankingSystem\BankingSystem\Debug\link.13392.read.1.tlog
c:\Users\100490143\documents\visual studio 2010\Projects\BankingSystem\BankingSystem\Debug\link.13392.write.1.tlog
c:\Users\100490143\documents\visual studio 2010\Projects\BankingSystem\BankingSystem\Debug\link.13392-cvtres.read.1.tlog
c:\Users\100490143\documents\visual studio 2010\Projects\BankingSystem\BankingSystem\Debug\link.13392-cvtres.write.1.tlog
c:\Users\100490143\documents\visual studio 2010\Projects\BankingSystem\BankingSystem\Debug\link.9956.read.1.tlog
c:\Users\100490143\documents\visual studio 2010\Projects\BankingSystem\BankingSystem\Debug\link.9956.write.1.tlog
c:\Users\100490143\documents\visual studio 2010\Projects\BankingSystem\BankingSystem\Debug\link.9956-cvtres.read.1.tlog
c:\Users\100490143\documents\visual studio 2010\Projects\BankingSystem\BankingSystem\Debug\link.9956-cvtres.write.1.tlog
c:\Users\100490143\documents\visual studio 2010\Projects\BankingSystem\BankingSystem\Debug\link.command.1.tlog
c:\Users\100490143\documents\visual studio 2010\Projects\BankingSystem\BankingSystem\Debug\link.read.1.tlog
c:\Users\100490143\documents\visual studio 2010\Projects\BankingSystem\BankingSystem\Debug\link.write.1.tlog
c:\Users\100490143\documents\visual studio 2010\Projects\BankingSystem\BankingSystem\Debug\link-cvtres.read.1.tlog
c:\Users\100490143\documents\visual studio 2010\Projects\BankingSystem\BankingSystem\Debug\link-cvtres.write.1.tlog
c:\Users\100490143\documents\visual studio 2010\Projects\BankingSystem\BankingSystem\Debug\mt.command.1.tlog
c:\Users\100490143\documents\visual studio 2010\Projects\BankingSystem\BankingSystem\Debug\mt.read.1.tlog
c:\Users\100490143\documents\visual studio 2010\Projects\BankingSystem\BankingSystem\Debug\mt.write.1.tlog
c:\Users\100490143\documents\visual studio 2010\Projects\BankingSystem\BankingSystem\Debug\rc.command.1.tlog
c:\Users\100490143\documents\visual studio 2010\Projects\BankingSystem\BankingSystem\Debug\rc.read.1.tlog
c:\Users\100490143\documents\visual studio 2010\Projects\BankingSystem\BankingSystem\Debug\rc.write.1.tlog
C:\USERS\100490143\DOCUMENTS\VISUAL STUDIO 2010\PROJECTS\BANKINGSYSTEM\BANKINGSYSTEM\DEBUG\STDAFX.OBJ
C:\USERS\100490143\DOCUMENTS\VISUAL STUDIO 2010\PROJECTS\BANKINGSYSTEM\BANKINGSYSTEM\DEBUG\TRANSACTIONSHELPER.OBJ
c:\Users\100490143\documents\visual studio 2010\Projects\BankingSystem\BankingSystem\Debug\vc100.idb
C:\USERS\100490143\DOCUMENTS\VISUAL STUDIO 2010\PROJECTS\BANKINGSYSTEM\BANKINGSYSTEM\DEBUG\VC100.PDB
c:\users\100490143\documents\visual studio 2010\Projects\BankingSystem\Debug\BankingSystem.pdb
