Build started 2/22/2016 11:29:15 PM.
     1>Project "c:\Users\100490143\documents\visual studio 2010\Projects\FlippinFlapJacks\FlippinFlapJacks\FlippinFlapJacks.vcxproj" on node 2 (build target(s)).
     1>InitializeBuildStatus:
         Creating "Debug\FlippinFlapJacks.unsuccessfulbuild" because "AlwaysCreate" was specified.
       ClCompile:
         All outputs are up-to-date.
         c:\Program Files (x86)\Microsoft Visual Studio 10.0\VC\bin\CL.exe /c /ZI /nologo /W3 /WX- /Od /Oy- /D WIN32 /D _DEBUG /D _CONSOLE /D _UNICODE /D UNICODE /Gm /EHsc /RTC1 /MDd /GS /fp:precise /Zc:wchar_t /Zc:forScope /Yu"StdAfx.h" /Fp"Debug\FlippinFlapJacks.pch" /Fo"Debug\\" /Fd"Debug\vc100.pdb" /Gd /TP /analyze- /errorReport:prompt TransactionsHelper.cpp
         TransactionsHelper.cpp
     1>c:\users\100490143\documents\visual studio 2010\projects\flippinflapjacks\flippinflapjacks\transactionshelper.cpp(133): warning C4101: 'fromaccount_num' : unreferenced local variable
       ManifestResourceCompile:
         All outputs are up-to-date.
       Link:
         c:\Program Files (x86)\Microsoft Visual Studio 10.0\VC\bin\link.exe /ERRORREPORT:PROMPT /OUT:"c:\users\100490143\documents\visual studio 2010\Projects\FlippinFlapJacks\Debug\FlippinFlapJacks.exe" /INCREMENTAL /NOLOGO kernel32.lib user32.lib gdi32.lib winspool.lib comdlg32.lib advapi32.lib shell32.lib ole32.lib oleaut32.lib uuid.lib odbc32.lib odbccp32.lib /MANIFEST /ManifestFile:"Debug\FlippinFlapJacks.exe.intermediate.manifest" /MANIFESTUAC:"level='asInvoker' uiAccess='false'" /DEBUG /PDB:"c:\users\100490143\documents\visual studio 2010\Projects\FlippinFlapJacks\Debug\FlippinFlapJacks.pdb" /SUBSYSTEM:CONSOLE /TLBID:1 /DYNAMICBASE /NXCOMPAT /IMPLIB:"c:\users\100490143\documents\visual studio 2010\Projects\FlippinFlapJacks\Debug\FlippinFlapJacks.lib" /MACHINE:X86 Debug\FlippinFlapJacks.exe.embed.manifest.res
         Debug\AccountHelper.obj
         Debug\FileStreamHelper.obj
         Debug\FlippinFlapJacks.obj
         Debug\stdafx.obj
         Debug\TransactionsHelper.obj
       Manifest:
         C:\Program Files (x86)\Microsoft SDKs\Windows\v7.0A\bin\mt.exe /nologo /verbose /out:"Debug\FlippinFlapJacks.exe.embed.manifest" /manifest Debug\FlippinFlapJacks.exe.intermediate.manifest
         All outputs are up-to-date.
       LinkEmbedManifest:
         All outputs are up-to-date.
         FlippinFlapJacks.vcxproj -> c:\users\100490143\documents\visual studio 2010\Projects\FlippinFlapJacks\Debug\FlippinFlapJacks.exe
       FinalizeBuildStatus:
         Deleting file "Debug\FlippinFlapJacks.unsuccessfulbuild".
         Touching "Debug\FlippinFlapJacks.lastbuildstate".
     1>Done Building Project "c:\Users\100490143\documents\visual studio 2010\Projects\FlippinFlapJacks\FlippinFlapJacks\FlippinFlapJacks.vcxproj" (build target(s)).

Build succeeded.

Time Elapsed 00:00:01.48
