[2016-03-15 19:47:52.846] ERROR: Not enough balance to withdraw!
[2016-03-15 20:07:45.334] ERROR: Not enough balance to withdraw!
[2016-03-15 20:09:24.396] ERROR: Not enough balance to withdraw!
[2016-03-15 20:09:35.203] ERROR: Not enough balance to withdraw!
[2016-03-15 20:09:42.268] ERROR: Not enough balance to withdraw!
[2016-03-15 20:11:28.145] ERROR: Not enough balance to withdraw!
[2016-03-15 20:11:41.95] ERROR: Not enough balance to withdraw!
[2016-03-15 20:12:00.155] ERROR: Not enough balance to withdraw!
[2016-03-15 20:16:40.114] ERROR: Not enough balance to withdraw!
[2016-03-15 20:17:04.379] ERROR: Not enough balance to withdraw!
[2016-03-15 20:17:20.809] ERROR: Not enough balance to withdraw!
[2016-03-15 20:23:40.629] ERROR: Not enough balance to withdraw!
[2016-03-15 20:24:08.463] ERROR: Not enough balance to withdraw!
[2016-03-15 20:24:40.692] ERROR: Not enough balance to withdraw!
[2016-03-15 20:26:44.618] ERROR: Not enough balance to withdraw!
[2016-03-15 20:27:10.466] ERROR: Not enough balance to withdraw!
[2016-03-15 21:13:16.557] ERROR: files/files/mergedTransactionFile.txt (No such file or directory)
[2016-03-15 21:13:16.566] ERROR: files/files/oldMasterBankAccount.txt (No such file or directory)
[2016-03-15 21:14:09.493] ERROR: Not enough balance to withdraw!
[2016-03-15 21:16:21.101] ERROR: Not enough balance to withdraw!
[2016-03-15 21:29:33.441] ERROR: Not enough balance to withdraw!
[2016-03-15 21:50:58.895] ERROR: Not enough balance to withdraw!
[2016-03-15 21:54:28.107] ERROR: Not enough balance to withdraw!
[2016-03-15 21:55:23.853] ERROR: Not enough balance to withdraw!
[2016-03-15 21:55:29.418] ERROR: Not enough balance to withdraw!
[2016-03-15 21:56:16.566] ERROR: Not enough balance to withdraw!
[2016-03-15 21:56:36.187] ERROR: Not enough balance to withdraw!
[2016-03-15 22:08:31.431] ERROR: Not enough balance to withdraw!
[2016-03-15 22:09:59.254] ERROR: Not enough balance to withdraw!
[2016-03-15 22:10:56.456] ERROR: Not enough balance to withdraw!
[2016-03-15 22:11:26.739] ERROR: Not enough balance to withdraw!
[2016-03-15 22:13:03.382] ERROR: Not enough balance to withdraw!
[2016-03-15 22:14:54.977] ERROR: Not enough balance to withdraw!
[2016-03-15 22:15:50.154] ERROR: Not enough balance to withdraw!
[2016-03-15 22:20:22.137] ERROR: Not enough balance to withdraw!
[2016-03-15 22:20:30.801] ERROR: Not enough balance to withdraw!
[2016-03-15 22:21:35.763] ERROR: Not enough balance to withdraw!
[2016-03-17 16:17:45.534] ERROR: Not enough balance to withdraw!
[2016-03-17 16:18:40.163] ERROR: Not enough balance to withdraw!
[2016-03-17 16:20:57.955] ERROR: Not enough balance to withdraw!
[2016-03-18 14:37:55.236] ERROR: Not enough balance to withdraw!
[2016-03-18 14:53:40.388] ERROR: Not enough balance to withdraw!
[2016-03-18 15:01:30.36] ERROR: Not enough balance to withdraw!
[2016-03-18 15:05:49.798] ERROR: Not enough balance to withdraw!
[2016-03-18 17:04:55.055] ERROR: Not enough balance to withdraw!
[2016-03-18 17:30:24.478] ERROR: Not enough balance to withdraw!
[2016-03-18 17:38:45.734] ERROR: Not enough balance to withdraw!
[2016-03-18 17:39:54.6] ERROR: Not enough balance to withdraw!
[2016-03-18 17:42:20.181] ERROR: Not enough balance to withdraw!
[2016-03-18 17:43:06.337] ERROR: Not enough balance to withdraw!
[2016-03-18 19:20:46.357] ERROR: Not enough balance to withdraw!
[2016-03-18 19:37:26.496] ERROR: Not enough balance to withdraw!
[2016-03-18 19:37:55.517] ERROR: Not enough balance to withdraw!
[2016-03-18 19:45:51.294] ERROR: Not enough balance to withdraw!
[2016-03-18 19:52:57.637] ERROR: Not enough balance to withdraw!
[2016-03-18 19:56:16.556] ERROR: Not enough balance to withdraw!
[2016-03-18 19:59:24.055] ERROR: Not enough balance to withdraw!
[2016-03-18 19:59:24.069] ERROR: Not enough balance to withdraw!
[2016-03-23 16:56:15.819] ERROR: Not enough balance to withdraw!
[2016-03-23 16:56:15.856] ERROR: Not enough balance to withdraw!
[2016-03-23 16:56:15.86] ERROR: Not enough balance to withdraw!
[2016-03-23 16:56:15.864] ERROR: Not enough balance to withdraw!
[2016-03-23 16:56:23.446] ERROR: Not enough balance to withdraw!
[2016-03-23 16:56:23.464] ERROR: Not enough balance to withdraw!
[2016-03-23 16:56:23.468] ERROR: Not enough balance to withdraw!
[2016-03-23 16:56:23.472] ERROR: Not enough balance to withdraw!
[2016-03-23 16:56:38.521] ERROR: Not enough balance to withdraw!
[2016-03-23 16:56:38.538] ERROR: Not enough balance to withdraw!
[2016-03-23 16:56:38.542] ERROR: Not enough balance to withdraw!
[2016-03-23 16:56:38.546] ERROR: Not enough balance to withdraw!
[2016-03-23 16:56:38.549] ERROR: Not enough balance to withdraw!
[2016-03-23 17:32:01.927] ERROR: Not enough balance to withdraw!
[2016-03-23 17:32:01.934] ERROR: Not enough balance to pay bill!
[2016-03-23 17:41:35.864] ERROR: files/nofile (No such file or directory)
[2016-03-23 17:44:01.244] ERROR: files/nofile (No such file or directory)
[2016-03-23 17:44:09.615] ERROR: files/nofile (No such file or directory)
[2016-03-23 17:46:15.783] ERROR: files/filesToBeMerged (Is a directory)
[2016-03-23 17:47:02.008] ERROR: files/nofile (No such file or directory)
[2016-03-23 17:47:02.018] ERROR: files/folder (Is a directory)
[2016-03-23 17:47:23.413] ERROR: files/nofile (No such file or directory)
[2016-03-23 17:47:23.423] ERROR: files/folder (Is a directory)
[2016-03-23 17:47:28.341] ERROR: files/folder (Is a directory)
[2016-03-23 17:50:37.423] ERROR: files/nofile (No such file or directory)
[2016-03-23 17:50:58.135] ERROR: files/nofile (No such file or directory)
[2016-03-23 17:53:15.572] ERROR: files/folder (Is a directory)
[2016-03-23 17:54:58.425] ERROR: files/nofile (No such file or directory)
[2016-03-23 17:55:12.206] ERROR: files/nofile (No such file or directory)
[2016-03-23 17:55:31.695] ERROR: files/folder (Is a directory)
[2016-03-23 17:56:41.1] ERROR: files/nofile (No such file or directory)
[2016-03-23 17:56:41.108] ERROR: files/folder (Is a directory)
[2016-03-23 17:59:53.562] ERROR: Not enough balance to withdraw!
[2016-03-23 17:59:53.577] ERROR: Not enough balance to withdraw!
[2016-03-23 17:59:53.581] ERROR: Not enough balance to withdraw!
[2016-03-23 17:59:53.587] ERROR: Not enough balance to withdraw!
[2016-03-23 17:59:53.592] ERROR: Not enough balance to withdraw!
[2016-03-23 18:00:39.722] ERROR: Not enough balance to withdraw!
[2016-03-23 18:03:47.155] ERROR: Not enough balance to withdraw!
[2016-03-23 18:03:47.168] ERROR: Not enough balance to withdraw!
[2016-03-23 18:03:47.172] ERROR: Not enough balance to withdraw!
[2016-03-23 18:03:47.174] ERROR: Not enough balance to withdraw!
[2016-03-23 18:03:47.177] ERROR: Not enough balance to withdraw!
[2016-03-23 18:03:47.179] ERROR: Not enough balance to withdraw!
[2016-03-23 18:03:50.006] ERROR: files/nofile (No such file or directory)
[2016-03-23 18:03:50.015] ERROR: files/folder (Is a directory)
[2016-03-23 17:41:39.87] ERROR: Not enough balance to withdraw!
[2016-03-23 17:41:39.888] ERROR: Not enough balance to withdraw!
[2016-03-23 17:41:39.893] ERROR: Not enough balance to withdraw!
[2016-03-23 17:41:39.898] ERROR: Not enough balance to withdraw!
[2016-03-23 17:41:39.902] ERROR: Not enough balance to withdraw!
[2016-03-23 17:42:29.778] ERROR: Not enough balance to withdraw!
[2016-03-23 17:42:29.795] ERROR: Not enough balance to withdraw!
[2016-03-23 17:42:29.799] ERROR: Not enough balance to withdraw!
[2016-03-23 17:42:29.805] ERROR: Not enough balance to withdraw!
[2016-03-23 17:42:29.808] ERROR: Not enough balance to withdraw!
[2016-03-23 17:42:29.812] ERROR: Not enough balance to withdraw!
